
/home/runner/work/exp-2-3-tree-iiith/exp-2-3-tree-iiith/experiment/operations/simulation/docs/style/js/bootstrap.min.js
  6:319    warning  'jQuery' is not defined                 no-undef
  6:1071   warning  'jQuery' is not defined                 no-undef
  6:2016   warning  'jQuery' is not defined                 no-undef
  6:3965   warning  'jQuery' is not defined                 no-undef
  6:8001   warning  'jQuery' is not defined                 no-undef
  6:11369  warning  'jQuery' is not defined                 no-undef
  6:13732  warning  'jQuery' is not defined                 no-undef
  6:19734  warning  'jQuery' is not defined                 no-undef
  6:27338  warning  'a' is assigned a value but never used  no-unused-vars
  6:28677  warning  'jQuery' is not defined                 no-undef
  6:30264  warning  'jQuery' is not defined                 no-undef
  7:648    warning  'jQuery' is not defined                 no-undef
  7:2468   warning  'jQuery' is not defined                 no-undef
  7:4879   warning  'jQuery' is not defined                 no-undef

/home/runner/work/exp-2-3-tree-iiith/exp-2-3-tree-iiith/experiment/operations/simulation/docs/style/js/catalog.js
  1:5  warning  'catalog' is assigned a value but never used  no-unused-vars

/home/runner/work/exp-2-3-tree-iiith/exp-2-3-tree-iiith/experiment/operations/simulation/docs/style/js/experiment.js
   47:5   warning  'restrucureTheDivs' is assigned a value but never used     no-unused-vars
   74:5   warning  'createTocAndSections' is assigned a value but never used  no-unused-vars
   82:2   warning  Unnecessary semicolon                                      no-extra-semi
   84:5   warning  'setHash' is assigned a value but never used               no-unused-vars
  154:5   warning  '$' is not defined                                         no-undef
  159:3   warning  '$' is not defined                                         no-undef
  159:39  warning  'e' is defined but never used                              no-unused-vars
  161:5   warning  'hash_path' is not defined                                 no-undef
  162:31  warning  'hash_path' is not defined                                 no-undef
  163:17  warning  'hash_path' is not defined                                 no-undef
  173:2   warning  Unnecessary semicolon                                      no-extra-semi
  175:1   warning  '$' is not defined                                         no-undef
  190:3   warning  '$' is not defined                                         no-undef

/home/runner/work/exp-2-3-tree-iiith/exp-2-3-tree-iiith/experiment/operations/simulation/docs/style/js/get.resource.js
  12:12  warning  'createHtmlElementWithClass' is not defined  no-undef

/home/runner/work/exp-2-3-tree-iiith/exp-2-3-tree-iiith/experiment/operations/simulation/docs/style/js/jquery.min.js
  2:71     warning  'module' is not defined                                                    no-undef
  2:86     warning  'module' is not defined                                                    no-undef
  2:863    warning  'b' is assigned a value but never used                                     no-unused-vars
  2:3050   warning  'r' is assigned a value but never used                                     no-unused-vars
  2:5376   warning  Unexpected control character(s) in regular expression: \x1f, \x1f          no-control-regex
  2:5847   warning  Expected a conditional expression and instead saw an assignment            no-cond-assign
  2:6101   warning  Expected a conditional expression and instead saw an assignment            no-cond-assign
  2:6532   warning  Expected a conditional expression and instead saw an assignment            no-cond-assign
  2:6758   warning  Empty block statement                                                      no-empty
  2:7320   warning  Expected a conditional expression and instead saw an assignment            no-cond-assign
  2:9378   warning  Expected a conditional expression and instead saw an assignment            no-cond-assign
  2:9688   warning  Expected a conditional expression and instead saw an assignment            no-cond-assign
  2:11489  warning  Expected a conditional expression and instead saw an assignment            no-cond-assign
  2:12064  warning  Expected a conditional expression and instead saw an assignment            no-cond-assign
  2:12102  warning  Expected a conditional expression and instead saw an assignment            no-cond-assign
  2:12520  warning  Empty block statement                                                      no-empty
  2:13134  warning  Expected a conditional expression and instead saw an assignment            no-cond-assign
  2:13446  warning  Expected a conditional expression and instead saw an assignment            no-cond-assign
  2:15271  warning  Expected a conditional expression and instead saw an assignment            no-cond-assign
  2:15542  warning  Expected a conditional expression and instead saw an assignment            no-cond-assign
  2:15740  warning  Expected a conditional expression and instead saw an assignment            no-cond-assign
  2:16114  warning  Do not access Object.prototype method 'hasOwnProperty' from target object  no-prototype-builtins
  2:16815  warning  Expected a conditional expression and instead saw an assignment            no-cond-assign
  2:19155  warning  Expected a conditional expression and instead saw an assignment            no-cond-assign
  2:19255  warning  Expected a conditional expression and instead saw an assignment            no-cond-assign
  2:19315  warning  Expected a conditional expression and instead saw an assignment            no-cond-assign
  2:20674  warning  Expected a conditional expression and instead saw an assignment            no-cond-assign
  2:21288  warning  Expected a conditional expression and instead saw an assignment            no-cond-assign
  2:21399  warning  Expected a conditional expression and instead saw an assignment            no-cond-assign
  2:23719  warning  Unnecessary escape character: \/                                           no-useless-escape
  2:33344  warning  Empty block statement                                                      no-empty
  2:37050  warning  Unnecessary escape character: \/                                           no-useless-escape
  2:38265  warning  Expected a conditional expression and instead saw an assignment            no-cond-assign
  2:38405  warning  Expected a conditional expression and instead saw an assignment            no-cond-assign
  2:39039  warning  Empty block statement                                                      no-empty
  2:45778  warning  Unnecessary escape character: \/                                           no-useless-escape
  2:48087  warning  Expected a conditional expression and instead saw an assignment            no-cond-assign
  2:49647  warning  Empty block statement                                                      no-empty
  2:57298  warning  Expected a conditional expression and instead saw an assignment            no-cond-assign
  2:59847  warning  Expected a conditional expression and instead saw an assignment            no-cond-assign
  2:64132  warning  Expected a conditional expression and instead saw an assignment            no-cond-assign
  2:65877  warning  Expected a conditional expression and instead saw an assignment            no-cond-assign
  2:65943  warning  Expected a conditional expression and instead saw an assignment            no-cond-assign
  2:66247  warning  Expected a conditional expression and instead saw an assignment            no-cond-assign
  2:66313  warning  Expected a conditional expression and instead saw an assignment            no-cond-assign
  2:66720  warning  Expected a conditional expression and instead saw an assignment            no-cond-assign
  2:66997  warning  Expected a conditional expression and instead saw an assignment            no-cond-assign
  2:72432  warning  Expected a conditional expression and instead saw an assignment            no-cond-assign
  2:74924  warning  Expected a conditional expression and instead saw an assignment            no-cond-assign
  2:75645  warning  'l.href' is assigned to itself                                             no-self-assign
  2:79204  warning  Empty block statement                                                      no-empty
  2:83243  warning  Expected a conditional expression and instead saw an assignment            no-cond-assign
  2:83243  warning  'l' is assigned a value but never used                                     no-unused-vars
  2:86651  warning  'define' is not defined                                                    no-undef
  2:86663  warning  'define' is not defined                                                    no-undef

/home/runner/work/exp-2-3-tree-iiith/exp-2-3-tree-iiith/experiment/operations/simulation/docs/style/js/labtheme.js
    1:1   warning  '$' is not defined             no-undef
   45:3   warning  '$' is not defined             no-undef
   47:3   warning  '$' is not defined             no-undef
   47:35  warning  '$' is not defined             no-undef
   73:3   warning  'main' is not defined          no-undef
   73:10  warning  '$' is not defined             no-undef
   74:3   warning  '$' is not defined             no-undef
   74:5   warning  'main' is not defined          no-undef
   77:3   warning  'contents' is not defined      no-undef
   77:14  warning  '$' is not defined             no-undef
   77:16  warning  'main' is not defined          no-undef
   78:3   warning  '$' is not defined             no-undef
   79:3   warning  'childs' is not defined        no-undef
   79:12  warning  'main' is not defined          no-undef
   80:7   warning  'idx' is not defined           no-undef
   80:14  warning  'idx' is not defined           no-undef
   80:18  warning  'childs' is not defined        no-undef
   80:32  warning  'idx' is not defined           no-undef
   81:5   warning  'cld' is not defined           no-undef
   81:11  warning  'childs' is not defined        no-undef
   81:18  warning  'idx' is not defined           no-undef
   82:8   warning  'cld' is not defined           no-undef
   83:13  warning  'cld' is not defined           no-undef
   84:7   warning  'cld' is not defined           no-undef
   85:7   warning  '$' is not defined             no-undef
   85:9   warning  'cld' is not defined           no-undef
   86:7   warning  '$' is not defined             no-undef
   86:9   warning  'cld' is not defined           no-undef
   87:7   warning  'text' is not defined          no-undef
   87:14  warning  'childs' is not defined        no-undef
   87:21  warning  'idx' is not defined           no-undef
   88:7   warning  'link' is not defined          no-undef
   88:87  warning  'text' is not defined          no-undef
   89:7   warning  'childs' is not defined        no-undef
   89:14  warning  'idx' is not defined           no-undef
   89:31  warning  'link' is not defined          no-undef
   89:38  warning  'cld' is not defined           no-undef
   90:6   warning  Unnecessary semicolon          no-extra-semi
   91:4   warning  Unnecessary semicolon          no-extra-semi
   92:3   warning  'lists' is not defined         no-undef
   92:11  warning  '$' is not defined             no-undef
   92:13  warning  'main' is not defined          no-undef
   93:13  warning  'lists' is not defined         no-undef
   94:8   warning  'lists' is not defined         no-undef
   95:7   warning  'lists' is not defined         no-undef
   95:45  warning  'lists' is not defined         no-undef
   95:91  warning  'lists' is not defined         no-undef
   98:3   warning  'iHtml' is not defined         no-undef
   98:11  warning  'main' is not defined          no-undef
   99:3   warning  '$' is not defined             no-undef
  100:3   warning  'str' is not defined           no-undef
  117:3   warning  'str' is not defined           no-undef
  117:9   warning  'str' is not defined           no-undef
  117:15  warning  'iHtml' is not defined         no-undef
  118:3   warning  'str' is not defined           no-undef
  118:9   warning  'str' is not defined           no-undef
  119:3   warning  '$' is not defined             no-undef
  119:21  warning  'str' is not defined           no-undef
  120:3   warning  'main' is not defined          no-undef
  121:3   warning  '$' is not defined             no-undef
  135:3   warning  '$' is not defined             no-undef
  135:5   warning  'contents' is not defined      no-undef
  136:3   warning  '$' is not defined             no-undef
  136:5   warning  'contents' is not defined      no-undef
  137:3   warning  '$' is not defined             no-undef
  137:5   warning  'contents' is not defined      no-undef
  139:3   warning  'str' is not defined           no-undef
  141:3   warning  'cld' is not defined           no-undef
  141:9   warning  '$' is not defined             no-undef
  141:11  warning  'contents' is not defined      no-undef
  142:11  warning  'i' is already defined         no-redeclare
  142:17  warning  'cld' is not defined           no-undef
  144:7   warning  'str' is not defined           no-undef
  144:13  warning  'str' is not defined           no-undef
  146:9   warning  '$' is not defined             no-undef
  146:11  warning  'cld' is not defined           no-undef
  147:7   warning  'iHTML' is not defined         no-undef
  148:7   warning  'headText' is not defined      no-undef
  148:18  warning  'cld' is not defined           no-undef
  149:7   warning  'subChilds' is not defined     no-undef
  149:19  warning  'cld' is not defined           no-undef
  150:7   warning  'innerContent' is not defined  no-undef
  151:21  warning  'subChilds' is not defined     no-undef
  152:9   warning  'iHTML' is not defined         no-undef
  153:12  warning  'subChilds' is not defined     no-undef
  154:11  warning  'iText' is not defined         no-undef
  154:19  warning  'subChilds' is not defined     no-undef
  155:11  warning  'iHTML' is not defined         no-undef
  155:36  warning  'headText' is not defined      no-undef
  155:49  warning  'iText' is not defined         no-undef
  155:71  warning  'iText' is not defined         no-undef
  158:11  warning  'iHTML' is not defined         no-undef
  158:19  warning  'iHTML' is not defined         no-undef
  158:27  warning  'subChilds' is not defined     no-undef
  160:9   warning  'innerContent' is not defined  no-undef
  160:24  warning  'innerContent' is not defined  no-undef
  160:39  warning  'iHTML' is not defined         no-undef
  162:7   warning  'col' is not defined           no-undef
  164:29  warning  'headText' is not defined      no-undef
  164:54  warning  'headText' is not defined      no-undef
  167:19  warning  'innerContent' is not defined  no-undef
  171:7   warning  'str' is not defined           no-undef
  171:13  warning  'str' is not defined           no-undef
  171:19  warning  'col' is not defined           no-undef
  174:7   warning  'col' is not defined           no-undef
  176:19  warning  'cld' is not defined           no-undef
  181:7   warning  'str' is not defined           no-undef
  181:13  warning  'str' is not defined           no-undef
  184:3   warning  '$' is not defined             no-undef
  184:26  warning  'str' is not defined           no-undef
  185:3   warning  '$' is not defined             no-undef
  186:8   warning  '$' is not defined             no-undef
  187:7   warning  '$' is not defined             no-undef
  190:8   warning  '$' is not defined             no-undef
  191:7   warning  '$' is not defined             no-undef

/home/runner/work/exp-2-3-tree-iiith/exp-2-3-tree-iiith/experiment/operations/simulation/docs/style/js/org-info.js
   16:60   warning  'idx' is not defined                                   no-undef
   27:9    warning  'a' is already defined                                 no-redeclare
   28:28   warning  'a' is already defined                                 no-redeclare
   31:515  warning  Unnecessary escape character: \'                       no-useless-escape
   31:517  warning  Unnecessary escape character: \"                       no-useless-escape
   31:524  warning  Unnecessary escape character: \'                       no-useless-escape
   31:526  warning  Unnecessary escape character: \"                       no-useless-escape
   32:38   warning  'orgInfoHooks' is not defined                          no-undef
   32:63   warning  'orgInfoHooks' is not defined                          no-undef
   33:76   warning  'c' is already defined                                 no-redeclare
   41:87   warning  'b' is assigned a value but never used                 no-unused-vars
   47:64   warning  'l' is assigned a value but never used                 no-unused-vars
   76:89   warning  'd' is already defined                                 no-redeclare
   89:1    warning  Unreachable code                                       no-unreachable
   92:58   warning  's' is not defined                                     no-undef
   92:70   warning  's' is not defined                                     no-undef
   92:113  warning  's' is not defined                                     no-undef
  102:37   warning  's' is not defined                                     no-undef
  103:5    warning  'e' is assigned a value but never used                 no-unused-vars
  119:81   warning  'overview' is assigned a value but never used          no-unused-vars
  120:5    warning  'content' is assigned a value but never used           no-unused-vars
  120:35   warning  'showall' is assigned a value but never used           no-unused-vars
  120:61   warning  'info' is assigned a value but never used              no-unused-vars
  120:85   warning  'info_title_above' is assigned a value but never used  no-unused-vars
  121:5    warning  'slide' is assigned a value but never used             no-unused-vars
  123:34   warning  'f' is assigned a value but never used                 no-unused-vars
  123:66   warning  'a' is assigned a value but never used                 no-unused-vars
  132:29   warning  'a' is already defined                                 no-redeclare
  151:9    warning  'a' is already defined                                 no-redeclare
  151:33   warning  'j' is already defined                                 no-redeclare
  151:75   warning  'c' is already defined                                 no-redeclare
  152:10   warning  'b' is already defined                                 no-redeclare
  163:38   warning  'a' is already defined                                 no-redeclare
  164:34   warning  'a' is already defined                                 no-redeclare
  176:52   warning  'b' is already defined                                 no-redeclare
  184:80   warning  'c' is defined but never used                          no-unused-vars
  184:82   warning  'a' is defined but never used                          no-unused-vars
  203:81   warning  'e' is already defined                                 no-redeclare
  204:5    warning  'a' is already defined                                 no-redeclare
  237:43   warning  'd' is already defined                                 no-redeclare
  239:72   warning  'g' is already defined                                 no-redeclare
  240:15   warning  'e' is already defined                                 no-redeclare
  240:55   warning  'd' is already defined                                 no-redeclare
  242:43   warning  'd' is already defined                                 no-redeclare
  244:72   warning  'g' is already defined                                 no-redeclare
  245:45   warning  'd' is already defined                                 no-redeclare
  247:70   warning  'd' is already defined                                 no-redeclare
  248:57   warning  'd' is already defined                                 no-redeclare
  252:27   warning  'h' is already defined                                 no-redeclare
  255:27   warning  'h' is already defined                                 no-redeclare
  259:231  warning  Unnecessary escape character: \"                       no-useless-escape
  266:91   warning  'a' is already defined                                 no-redeclare
  288:11   warning  'OrgHtmlManagerLoadCheck' is defined but never used    no-unused-vars

/home/runner/work/exp-2-3-tree-iiith/exp-2-3-tree-iiith/experiment/operations/simulation/docs/style/js/parser.js
  194:5  warning  'createLUs' is assigned a value but never used  no-unused-vars
  209:5  warning  'clearBody' is assigned a value but never used  no-unused-vars

/home/runner/work/exp-2-3-tree-iiith/exp-2-3-tree-iiith/experiment/operations/simulation/docs/style/js/readtheorg.js
   2:1   warning  '$' is not defined  no-undef
   3:5   warning  '$' is not defined  no-undef
   4:5   warning  '$' is not defined  no-undef
   5:5   warning  '$' is not defined  no-undef
   6:5   warning  '$' is not defined  no-undef
   7:5   warning  '$' is not defined  no-undef
   8:5   warning  '$' is not defined  no-undef
   9:5   warning  '$' is not defined  no-undef
  10:5   warning  '$' is not defined  no-undef
  11:5   warning  '$' is not defined  no-undef
  12:5   warning  '$' is not defined  no-undef
  15:1   warning  '$' is not defined  no-undef
  18:5   warning  '$' is not defined  no-undef
  19:7   warning  '$' is not defined  no-undef
  20:7   warning  '$' is not defined  no-undef
  23:5   warning  '$' is not defined  no-undef
  24:7   warning  '$' is not defined  no-undef
  25:7   warning  '$' is not defined  no-undef
  27:5   warning  '$' is not defined  no-undef
  28:7   warning  '$' is not defined  no-undef
  31:5   warning  '$' is not defined  no-undef
  34:1   warning  '$' is not defined  no-undef
  35:5   warning  '$' is not defined  no-undef
  38:5   warning  '$' is not defined  no-undef
  41:5   warning  '$' is not defined  no-undef
  44:22  warning  '$' is not defined  no-undef
  45:28  warning  '$' is not defined  no-undef
  49:25  warning  '$' is not defined  no-undef
  50:5   warning  '$' is not defined  no-undef
  53:20  warning  '$' is not defined  no-undef
  54:20  warning  '$' is not defined  no-undef
  86:3   warning  '$' is not defined  no-undef

/home/runner/work/exp-2-3-tree-iiith/exp-2-3-tree-iiith/experiment/operations/simulation/docs/style/js/router.js
   10:5   warning  Mixed spaces and tabs                         no-mixed-spaces-and-tabs
   18:4   warning  Mixed spaces and tabs                         no-mixed-spaces-and-tabs
  159:24  warning  'hashPath' is defined but never used          no-unused-vars
  182:15  warning  'catalog' is not defined                      no-undef
  186:22  warning  'getHtmlContentFromUrl' is not defined        no-undef
  245:2   warning  Unnecessary semicolon                         no-extra-semi
  248:5   warning  'setHash' is assigned a value but never used  no-unused-vars
  254:3   warning  '$' is not defined                            no-undef
  254:39  warning  'e' is defined but never used                 no-unused-vars
  269:2   warning  Unnecessary semicolon                         no-extra-semi
  272:1   warning  '$' is not defined                            no-undef
  273:19  warning  'createLUs' is not defined                    no-undef
  274:3   warning  'clearBody' is not defined                    no-undef
  286:3   warning  '$' is not defined                            no-undef

/home/runner/work/exp-2-3-tree-iiith/exp-2-3-tree-iiith/experiment/operations/simulation/docs/style/lib/js/jquery.stickytableheaders.min.js
  1:4623  warning  'jQuery' is not defined  no-undef

/home/runner/work/exp-2-3-tree-iiith/exp-2-3-tree-iiith/experiment/operations/simulation/js/TwoThreeTree.js
     6:5   warning  'MIN_MAX_DEGREE' is assigned a value but never used          no-unused-vars
     7:5   warning  'MAX_MAX_DEGREE' is assigned a value but never used          no-unused-vars
    18:5   warning  'LINK_COLOR' is assigned a value but never used              no-unused-vars
    19:5   warning  'HIGHLIGHT_CIRCLE_COLOR' is assigned a value but never used  no-unused-vars
    28:30  warning  'Algorithm' is not defined                                   no-undef
    30:27  warning  'Algorithm' is not defined                                   no-undef
    50:2   warning  'animationManager' is not defined                            no-undef
    51:2   warning  'animationManager' is not defined                            no-undef
    52:2   warning  'animationManager' is not defined                            no-undef
   110:44  warning  'event' is defined but never used                            no-unused-vars
   118:45  warning  'event' is defined but never used                            no-unused-vars
   126:50  warning  'event' is defined but never used                            no-unused-vars
   142:50  warning  'event' is defined but never used                            no-unused-vars
   152:49  warning  'event' is defined but never used                            no-unused-vars
   156:49  warning  'event' is defined but never used                            no-unused-vars
   160:45  warning  'unused' is defined but never used                           no-unused-vars
   236:45  warning  'ignored' is defined but never used                          no-unused-vars
   261:48  warning  'event' is defined but never used                            no-unused-vars
   346:4   warning  Mixed spaces and tabs                                        no-mixed-spaces-and-tabs
   347:4   warning  Mixed spaces and tabs                                        no-mixed-spaces-and-tabs
   348:4   warning  Mixed spaces and tabs                                        no-mixed-spaces-and-tabs
   349:4   warning  Mixed spaces and tabs                                        no-mixed-spaces-and-tabs
   350:4   warning  Mixed spaces and tabs                                        no-mixed-spaces-and-tabs
   351:4   warning  Mixed spaces and tabs                                        no-mixed-spaces-and-tabs
   352:4   warning  Mixed spaces and tabs                                        no-mixed-spaces-and-tabs
   477:3   warning  Mixed spaces and tabs                                        no-mixed-spaces-and-tabs
   478:3   warning  Mixed spaces and tabs                                        no-mixed-spaces-and-tabs
   479:3   warning  Mixed spaces and tabs                                        no-mixed-spaces-and-tabs
   480:3   warning  Mixed spaces and tabs                                        no-mixed-spaces-and-tabs
   481:3   warning  Mixed spaces and tabs                                        no-mixed-spaces-and-tabs
   482:3   warning  Mixed spaces and tabs                                        no-mixed-spaces-and-tabs
   483:3   warning  Mixed spaces and tabs                                        no-mixed-spaces-and-tabs
   541:4   warning  Mixed spaces and tabs                                        no-mixed-spaces-and-tabs
   542:4   warning  Mixed spaces and tabs                                        no-mixed-spaces-and-tabs
   543:4   warning  Mixed spaces and tabs                                        no-mixed-spaces-and-tabs
   544:4   warning  Mixed spaces and tabs                                        no-mixed-spaces-and-tabs
   545:4   warning  Mixed spaces and tabs                                        no-mixed-spaces-and-tabs
   546:4   warning  Mixed spaces and tabs                                        no-mixed-spaces-and-tabs
   547:4   warning  Mixed spaces and tabs                                        no-mixed-spaces-and-tabs
   548:4   warning  Mixed spaces and tabs                                        no-mixed-spaces-and-tabs
   990:1   warning  Mixed spaces and tabs                                        no-mixed-spaces-and-tabs
  1050:5   warning  'currentAlg' is assigned a value but never used              no-unused-vars
  1052:10  warning  'init' is defined but never used                             no-unused-vars
  1054:18  warning  'initCanvas' is not defined                                  no-undef
  1055:43  warning  'canvas' is not defined                                      no-undef
  1055:57  warning  'canvas' is not defined                                      no-undef

/home/runner/work/exp-2-3-tree-iiith/exp-2-3-tree-iiith/experiment/operations/simulation/js/TwoThreeTreeExercise.js
    1:5    warning  'MIN_MAX_DEGREE' is assigned a value but never used          no-unused-vars
    2:5    warning  'MAX_MAX_DEGREE' is assigned a value but never used          no-unused-vars
   13:5    warning  'LINK_COLOR' is assigned a value but never used              no-unused-vars
   14:5    warning  'HIGHLIGHT_CIRCLE_COLOR' is assigned a value but never used  no-unused-vars
   23:30   warning  'Algorithm' is not defined                                   no-undef
   25:27   warning  'Algorithm' is not defined                                   no-undef
   40:2    warning  'animationManager' is not defined                            no-undef
   41:2    warning  'animationManager' is not defined                            no-undef
   42:2    warning  'animationManager' is not defined                            no-undef
   84:5    warning  'reasons' is assigned a value but never used                 no-unused-vars
   89:39   warning  'event' is defined but never used                            no-unused-vars
   98:6    warning  'k' is not defined                                           no-undef
   98:10   warning  'k' is not defined                                           no-undef
   98:37   warning  'k' is not defined                                           no-undef
  100:4    warning  'animationManager' is not defined                            no-undef
  103:50   warning  'event' is defined but never used                            no-unused-vars
  120:49   warning  'event' is defined but never used                            no-unused-vars
  127:6    warning  'k' is not defined                                           no-undef
  127:10   warning  'k' is not defined                                           no-undef
  127:37   warning  'k' is not defined                                           no-undef
  129:4    warning  'animationManager' is not defined                            no-undef
  135:48   warning  'event' is defined but never used                            no-unused-vars
  138:2    warning  'i' is not defined                                           no-undef
  139:2    warning  'wrong' is not defined                                       no-undef
  140:2    warning  'wrongsteps' is not defined                                  no-undef
  141:6    warning  'i' is not defined                                           no-undef
  141:10   warning  'i' is not defined                                           no-undef
  141:25   warning  'i' is not defined                                           no-undef
  143:12   warning  'i' is not defined                                           no-undef
  143:28   warning  'i' is not defined                                           no-undef
  145:4    warning  'wrongsteps' is not defined                                  no-undef
  145:20   warning  'i' is not defined                                           no-undef
  146:4    warning  'wrong' is not defined                                       no-undef
  151:3    warning  Unnecessary semicolon                                        no-extra-semi
  153:5    warning  'wrong' is not defined                                       no-undef
  159:3    warning  'string1' is not defined                                     no-undef
  159:53   warning  'wrongsteps' is not defined                                  no-undef
  159:105  warning  'wrongsteps' is not defined                                  no-undef
  161:52   warning  'string1' is not defined                                     no-undef
  165:6    warning  'k' is assigned a value but never used                       no-unused-vars
  173:51   warning  'event' is defined but never used                            no-unused-vars
  193:52   warning  'event' is defined but never used                            no-unused-vars
  200:52   warning  'event' is defined but never used                            no-unused-vars
  207:53   warning  'event' is defined but never used                            no-unused-vars
  214:55   warning  'event' is defined but never used                            no-unused-vars
  221:54   warning  'event' is defined but never used                            no-unused-vars
  228:42   warning  'event' is defined but never used                            no-unused-vars
  247:44   warning  'event' is defined but never used                            no-unused-vars
  255:45   warning  'event' is defined but never used                            no-unused-vars
  262:50   warning  'event' is defined but never used                            no-unused-vars
  294:4    warning  Mixed spaces and tabs                                        no-mixed-spaces-and-tabs
  295:4    warning  Mixed spaces and tabs                                        no-mixed-spaces-and-tabs
  296:4    warning  Mixed spaces and tabs                                        no-mixed-spaces-and-tabs
  297:4    warning  Mixed spaces and tabs                                        no-mixed-spaces-and-tabs
  298:4    warning  Mixed spaces and tabs                                        no-mixed-spaces-and-tabs
  299:4    warning  Mixed spaces and tabs                                        no-mixed-spaces-and-tabs
  300:4    warning  Mixed spaces and tabs                                        no-mixed-spaces-and-tabs
  429:3    warning  Mixed spaces and tabs                                        no-mixed-spaces-and-tabs
  430:3    warning  Mixed spaces and tabs                                        no-mixed-spaces-and-tabs
  431:3    warning  Mixed spaces and tabs                                        no-mixed-spaces-and-tabs
  432:3    warning  Mixed spaces and tabs                                        no-mixed-spaces-and-tabs
  433:3    warning  Mixed spaces and tabs                                        no-mixed-spaces-and-tabs
  434:3    warning  Mixed spaces and tabs                                        no-mixed-spaces-and-tabs
  435:3    warning  Mixed spaces and tabs                                        no-mixed-spaces-and-tabs
  493:4    warning  Mixed spaces and tabs                                        no-mixed-spaces-and-tabs
  494:4    warning  Mixed spaces and tabs                                        no-mixed-spaces-and-tabs
  495:4    warning  Mixed spaces and tabs                                        no-mixed-spaces-and-tabs
  496:4    warning  Mixed spaces and tabs                                        no-mixed-spaces-and-tabs
  497:4    warning  Mixed spaces and tabs                                        no-mixed-spaces-and-tabs
  498:4    warning  Mixed spaces and tabs                                        no-mixed-spaces-and-tabs
  499:4    warning  Mixed spaces and tabs                                        no-mixed-spaces-and-tabs
  500:4    warning  Mixed spaces and tabs                                        no-mixed-spaces-and-tabs
  643:5    warning  'currentAlg' is assigned a value but never used              no-unused-vars
  645:10   warning  'init' is defined but never used                             no-unused-vars
  647:18   warning  'initCanvas' is not defined                                  no-undef
  648:43   warning  'canvas' is not defined                                      no-undef
  648:57   warning  'canvas' is not defined                                      no-undef

/home/runner/work/exp-2-3-tree-iiith/exp-2-3-tree-iiith/experiment/operations/simulation/js/TwoThreeTreePractice.js
    1:5   warning  'MIN_MAX_DEGREE' is assigned a value but never used          no-unused-vars
    2:5   warning  'MAX_MAX_DEGREE' is assigned a value but never used          no-unused-vars
   11:5   warning  'LINK_COLOR' is assigned a value but never used              no-unused-vars
   12:5   warning  'HIGHLIGHT_CIRCLE_COLOR' is assigned a value but never used  no-unused-vars
   21:30  warning  'Algorithm' is not defined                                   no-undef
   23:27  warning  'Algorithm' is not defined                                   no-undef
   42:2   warning  'animationManager' is not defined                            no-undef
   43:2   warning  'animationManager' is not defined                            no-undef
   44:2   warning  'animationManager' is not defined                            no-undef
   78:52  warning  'event' is defined but never used                            no-unused-vars
   89:47  warning  'event' is defined but never used                            no-unused-vars
   93:2   warning  'stepschosen' is not defined                                 no-undef
   96:6   warning  'k' is not defined                                           no-undef
   96:10  warning  'k' is not defined                                           no-undef
   96:37  warning  'k' is not defined                                           no-undef
   98:4   warning  'animationManager' is not defined                            no-undef
  104:52  warning  'event' is defined but never used                            no-unused-vars
  115:53  warning  'event' is defined but never used                            no-unused-vars
  126:54  warning  'event' is defined but never used                            no-unused-vars
  137:55  warning  'event' is defined but never used                            no-unused-vars
  148:44  warning  'event' is defined but never used                            no-unused-vars
  156:45  warning  'event' is defined but never used                            no-unused-vars
  199:50  warning  'event' is defined but never used                            no-unused-vars
  236:4   warning  Mixed spaces and tabs                                        no-mixed-spaces-and-tabs
  237:4   warning  Mixed spaces and tabs                                        no-mixed-spaces-and-tabs
  238:4   warning  Mixed spaces and tabs                                        no-mixed-spaces-and-tabs
  239:4   warning  Mixed spaces and tabs                                        no-mixed-spaces-and-tabs
  240:4   warning  Mixed spaces and tabs                                        no-mixed-spaces-and-tabs
  241:4   warning  Mixed spaces and tabs                                        no-mixed-spaces-and-tabs
  242:4   warning  Mixed spaces and tabs                                        no-mixed-spaces-and-tabs
  335:3   warning  Mixed spaces and tabs                                        no-mixed-spaces-and-tabs
  336:3   warning  Mixed spaces and tabs                                        no-mixed-spaces-and-tabs
  337:3   warning  Mixed spaces and tabs                                        no-mixed-spaces-and-tabs
  338:3   warning  Mixed spaces and tabs                                        no-mixed-spaces-and-tabs
  339:3   warning  Mixed spaces and tabs                                        no-mixed-spaces-and-tabs
  340:3   warning  Mixed spaces and tabs                                        no-mixed-spaces-and-tabs
  341:3   warning  Mixed spaces and tabs                                        no-mixed-spaces-and-tabs
  399:4   warning  Mixed spaces and tabs                                        no-mixed-spaces-and-tabs
  400:4   warning  Mixed spaces and tabs                                        no-mixed-spaces-and-tabs
  401:4   warning  Mixed spaces and tabs                                        no-mixed-spaces-and-tabs
  402:4   warning  Mixed spaces and tabs                                        no-mixed-spaces-and-tabs
  403:4   warning  Mixed spaces and tabs                                        no-mixed-spaces-and-tabs
  404:4   warning  Mixed spaces and tabs                                        no-mixed-spaces-and-tabs
  405:4   warning  Mixed spaces and tabs                                        no-mixed-spaces-and-tabs
  406:4   warning  Mixed spaces and tabs                                        no-mixed-spaces-and-tabs
  516:5   warning  'currentAlg' is assigned a value but never used              no-unused-vars
  518:10  warning  'init' is defined but never used                             no-unused-vars
  520:18  warning  'initCanvas' is not defined                                  no-undef
  521:43  warning  'canvas' is not defined                                      no-undef
  521:57  warning  'canvas' is not defined                                      no-undef

/home/runner/work/exp-2-3-tree-iiith/exp-2-3-tree-iiith/experiment/operations/simulation/js/lib/Algorithm.js
    1:10  warning  'addLabelToAlgorithmBar' is defined but never used             no-unused-vars
   20:10  warning  'addCheckboxToAlgorithmBar' is defined but never used          no-unused-vars
   42:10  warning  'addRadioButtonGroupToAlgorithmBar' is defined but never used  no-unused-vars
   73:10  warning  'addControlToAlgorithmBar' is defined but never used           no-unused-vars
  117:20  warning  'am' is defined but never used                                 no-unused-vars
  176:44  warning  'newWidth' is defined but never used                           no-unused-vars
  176:54  warning  'newHeight' is defined but never used                          no-unused-vars
  218:42  warning  'event' is defined but never used                              no-unused-vars
  223:41  warning  'event' is defined but never used                              no-unused-vars
  275:4   warning  Mixed spaces and tabs                                          no-mixed-spaces-and-tabs
  281:4   warning  Mixed spaces and tabs                                          no-mixed-spaces-and-tabs
  282:4   warning  Mixed spaces and tabs                                          no-mixed-spaces-and-tabs
  300:1   warning  Mixed spaces and tabs                                          no-mixed-spaces-and-tabs
  321:2   warning  Mixed spaces and tabs                                          no-mixed-spaces-and-tabs
  324:4   warning  Mixed spaces and tabs                                          no-mixed-spaces-and-tabs
  345:37  warning  'event' is defined but never used                              no-unused-vars
  387:7   warning  'i' is not defined                                             no-undef
  387:14  warning  'i' is not defined                                             no-undef
  387:36  warning  'i' is not defined                                             no-undef
  389:49  warning  'i' is not defined                                             no-undef

/home/runner/work/exp-2-3-tree-iiith/exp-2-3-tree-iiith/experiment/operations/simulation/js/lib/AnimatedBTreeNode.js
    7:35  warning  'AnimatedObject' is not defined                 no-undef
    9:32  warning  'AnimatedObject' is not defined                 no-undef
   16:7   warning  'MIN_WIDTH' is assigned a value but never used  no-unused-vars
   92:6   warning  Use the isNaN function to compare with NaN      use-isnan
  147:22  warning  'numLabels' is not defined                      no-undef
  149:3   warning  'labelColor' is not defined                     no-undef
  227:37  warning  'UndoBlock' is not defined                      no-undef

/home/runner/work/exp-2-3-tree-iiith/exp-2-3-tree-iiith/experiment/operations/simulation/js/lib/AnimatedLabel.js
   21:31  warning  'AnimatedObject' is not defined          no-undef
   56:1   warning  Mixed spaces and tabs                    no-mixed-spaces-and-tabs
   63:2   warning  Mixed spaces and tabs                    no-mixed-spaces-and-tabs
   69:6   warning  Mixed spaces and tabs                    no-mixed-spaces-and-tabs
   80:1   warning  Mixed spaces and tabs                    no-mixed-spaces-and-tabs
   81:1   warning  Mixed spaces and tabs                    no-mixed-spaces-and-tabs
   89:2   warning  'strList' is not defined                 no-undef
   90:6   warning  'strList' is not defined                 no-undef
  102:1   warning  Mixed spaces and tabs                    no-mixed-spaces-and-tabs
  103:1   warning  Mixed spaces and tabs                    no-mixed-spaces-and-tabs
  107:1   warning  Mixed spaces and tabs                    no-mixed-spaces-and-tabs
  108:1   warning  Mixed spaces and tabs                    no-mixed-spaces-and-tabs
  117:42  warning  'strList' is not defined                 no-undef
  118:23  warning  'strList' is not defined                 no-undef
  120:17  warning  'strList' is not defined                 no-undef
  203:1   warning  Mixed spaces and tabs                    no-mixed-spaces-and-tabs
  227:1   warning  Mixed spaces and tabs                    no-mixed-spaces-and-tabs
  231:1   warning  Mixed spaces and tabs                    no-mixed-spaces-and-tabs
  271:1   warning  Mixed spaces and tabs                    no-mixed-spaces-and-tabs
  284:1   warning  Mixed spaces and tabs                    no-mixed-spaces-and-tabs
  287:1   warning  Mixed spaces and tabs                    no-mixed-spaces-and-tabs
  288:1   warning  Mixed spaces and tabs                    no-mixed-spaces-and-tabs
  289:2   warning  Mixed spaces and tabs                    no-mixed-spaces-and-tabs
  290:1   warning  Mixed spaces and tabs                    no-mixed-spaces-and-tabs
  291:1   warning  Mixed spaces and tabs                    no-mixed-spaces-and-tabs
  292:1   warning  Mixed spaces and tabs                    no-mixed-spaces-and-tabs
  294:1   warning  Mixed spaces and tabs                    no-mixed-spaces-and-tabs
  302:1   warning  Mixed spaces and tabs                    no-mixed-spaces-and-tabs
  306:1   warning  Mixed spaces and tabs                    no-mixed-spaces-and-tabs
  309:1   warning  Mixed spaces and tabs                    no-mixed-spaces-and-tabs
  310:1   warning  Mixed spaces and tabs                    no-mixed-spaces-and-tabs
  315:1   warning  Mixed spaces and tabs                    no-mixed-spaces-and-tabs
  319:1   warning  Mixed spaces and tabs                    no-mixed-spaces-and-tabs
  328:1   warning  Mixed spaces and tabs                    no-mixed-spaces-and-tabs
  332:1   warning  Mixed spaces and tabs                    no-mixed-spaces-and-tabs
  353:75  warning  'anchorPoint' is defined but never used  no-unused-vars
  387:33  warning  'UndoBlock' is not defined               no-undef

/home/runner/work/exp-2-3-tree-iiith/exp-2-3-tree-iiith/experiment/operations/simulation/js/lib/AnimatedObject.js
   91:46  warning  'newWidth' is defined but never used     no-unused-vars
  208:1   warning  Mixed spaces and tabs                    no-mixed-spaces-and-tabs
  266:61  warning  'fromX' is defined but never used        no-unused-vars
  266:68  warning  'fromY' is defined but never used        no-unused-vars
  266:75  warning  'anchorPoint' is defined but never used  no-unused-vars
  272:61  warning  'fromX' is defined but never used        no-unused-vars
  272:68  warning  'fromY' is defined but never used        no-unused-vars
  289:45  warning  'index' is defined but never used        no-unused-vars
  294:50  warning  'textIndex' is defined but never used    no-unused-vars
  299:57  warning  'textIndex' is defined but never used    no-unused-vars
  304:54  warning  'textIndex' is defined but never used    no-unused-vars

/home/runner/work/exp-2-3-tree-iiith/exp-2-3-tree-iiith/experiment/operations/simulation/js/lib/AnimationMain.js
    12:10  warning  'swapControlDiv' is defined but never used        no-unused-vars
    46:6   warning  'cookieValue' is assigned a value but never used  no-unused-vars
    69:5   warning  'sizeButton' is defined but never used            no-unused-vars
    72:10  warning  'returnSubmit' is defined but never used          no-unused-vars
    96:8   warning  Mixed spaces and tabs                             no-mixed-spaces-and-tabs
    98:2   warning  Mixed spaces and tabs                             no-mixed-spaces-and-tabs
   101:4   warning  Mixed spaces and tabs                             no-mixed-spaces-and-tabs
   104:9   warning  'controlKey' is not defined                       no-undef
   107:1   warning  Mixed spaces and tabs                             no-mixed-spaces-and-tabs
   114:10  warning  'animWaiting' is defined but never used           no-unused-vars
   135:10  warning  'animEnded' is defined but never used             no-unused-vars
   149:10  warning  'anumUndoUnavailable' is defined but never used   no-unused-vars
   156:10  warning  'timeout' is defined but never used               no-unused-vars
   167:10  warning  'doStep' is defined but never used                no-unused-vars
   173:10  warning  'doSkip' is defined but never used                no-unused-vars
   179:10  warning  'doSkipBack' is defined but never used            no-unused-vars
   185:10  warning  'doStepBack' is defined but never used            no-unused-vars
   209:10  warning  'addControl' is defined but never used            no-unused-vars
   209:33  warning  'location' is defined but never used              no-unused-vars
   272:10  warning  'initCanvas' is defined but never used            no-unused-vars
   275:22  warning  'ObjectManager' is not defined                    no-undef
   341:2   warning  '$' is not defined                                no-undef
   342:5   warning  Mixed spaces and tabs                             no-mixed-spaces-and-tabs
   343:5   warning  Mixed spaces and tabs                             no-mixed-spaces-and-tabs
   344:5   warning  Mixed spaces and tabs                             no-mixed-spaces-and-tabs
   345:5   warning  Mixed spaces and tabs                             no-mixed-spaces-and-tabs
   347:5   warning  Mixed spaces and tabs                             no-mixed-spaces-and-tabs
   348:5   warning  Mixed spaces and tabs                             no-mixed-spaces-and-tabs
   349:5   warning  Mixed spaces and tabs                             no-mixed-spaces-and-tabs
   350:5   warning  Mixed spaces and tabs                             no-mixed-spaces-and-tabs
   352:5   warning  Mixed spaces and tabs                             no-mixed-spaces-and-tabs
   383:1   warning  Mixed spaces and tabs                             no-mixed-spaces-and-tabs
   576:24  warning  'UndoCreate' is not defined                       no-undef
   626:18  warning  Mixed spaces and tabs                             no-mixed-spaces-and-tabs
   636:13  warning  Mixed spaces and tabs                             no-mixed-spaces-and-tabs
   643:24  warning  'UndoConnect' is not defined                      no-undef
   656:5   warning  Mixed spaces and tabs                             no-mixed-spaces-and-tabs
   667:5   warning  Mixed spaces and tabs                             no-mixed-spaces-and-tabs
   674:24  warning  'UndoCreate' is not defined                       no-undef
   687:24  warning  'UndoMove' is not defined                         no-undef
   699:9   warning  'nextAnim' is already defined                     no-redeclare
   700:8   warning  Mixed spaces and tabs                             no-mixed-spaces-and-tabs
   701:8   warning  Mixed spaces and tabs                             no-mixed-spaces-and-tabs
   702:8   warning  Mixed spaces and tabs                             no-mixed-spaces-and-tabs
   703:8   warning  Mixed spaces and tabs                             no-mixed-spaces-and-tabs
   705:24  warning  'UndoMove' is not defined                         no-undef
   715:9   warning  'id' is already defined                           no-redeclare
   718:24  warning  'UndoSetForegroundColor' is not defined           no-undef
   725:24  warning  'UndoSetBackgroundColor' is not defined           no-undef
   731:24  warning  'UndoHighlight' is not defined                    no-undef
   745:24  warning  'UndoSetAlpha' is not defined                     no-undef
   755:26  warning  'UndoSetText' is not defined                      no-undef
   764:26  warning  'UndoSetText' is not defined                      no-undef
   770:9   warning  'objectID' is already defined                     no-redeclare
   772:9   warning  'i' is defined but never used                     no-unused-vars
   799:24  warning  'UndoCreate' is not defined                       no-undef
   818:24  warning  'UndoCreate' is not defined                       no-undef
   825:9   warning  'oldColor' is already defined                     no-redeclare
   826:24  warning  'UndoSetEdgeColor' is not defined                 no-undef
   830:9   warning  'from' is already defined                         no-redeclare
   831:9   warning  'to' is already defined                           no-redeclare
   834:24  warning  'UndoSetEdgeAlpha' is not defined                 no-undef
   840:9   warning  'newHighlight' is already defined                 no-redeclare
   841:9   warning  'from' is already defined                         no-redeclare
   842:9   warning  'to' is already defined                           no-redeclare
   844:24  warning  'UndoHighlightEdge' is not defined                no-undef
   851:24  warning  'UndoSetHeight' is not defined                    no-undef
   865:3   warning  Mixed spaces and tabs                             no-mixed-spaces-and-tabs
   866:3   warning  Mixed spaces and tabs                             no-mixed-spaces-and-tabs
   875:25  warning  'UndoCreate' is not defined                       no-undef
   883:24  warning  'UndoSetNull' is not defined                      no-undef
   891:25  warning  'UndoSetTextColor' is not defined                 no-undef
   897:25  warning  'UndoSetTextColor' is not defined                 no-undef
   906:3   warning  Mixed spaces and tabs                             no-mixed-spaces-and-tabs
   908:24  warning  'UndoCreate' is not defined                       no-undef
   913:9   warning  'id' is already defined                           no-redeclare
   916:24  warning  'UndoSetWidth' is not defined                     no-undef
   921:24  warning  'UndoSetNumElements' is not defined               no-undef
   926:9   warning  'id' is already defined                           no-redeclare
   929:24  warning  'UndoSetPosition' is not defined                  no-undef
   934:9   warning  'id' is already defined                           no-redeclare
   935:9   warning  'oldX' is already defined                         no-redeclare
   936:9   warning  'oldY' is already defined                         no-redeclare
   937:24  warning  'UndoSetPosition' is not defined                  no-undef
   942:9   warning  'id' is already defined                           no-redeclare
   943:9   warning  'oldX' is already defined                         no-redeclare
   944:9   warning  'oldY' is already defined                         no-redeclare
   945:24  warning  'UndoSetPosition' is not defined                  no-undef
   950:9   warning  'id' is already defined                           no-redeclare
   951:9   warning  'oldX' is already defined                         no-redeclare
   952:9   warning  'oldY' is already defined                         no-redeclare
   953:24  warning  'UndoSetPosition' is not defined                  no-undef
   958:9   warning  'id' is already defined                           no-redeclare
   959:9   warning  'oldX' is already defined                         no-redeclare
   960:9   warning  'oldY' is already defined                         no-redeclare
   961:24  warning  'UndoSetPosition' is not defined                  no-undef
   971:9   warning  'id' is already defined                           no-redeclare
   974:24  warning  'UndoSetHighlightIndex' is not defined            no-undef
  1159:10  warning  'objectID' is already defined                     no-redeclare
  1271:1   warning  Mixed spaces and tabs                             no-mixed-spaces-and-tabs
  1285:13  warning  Mixed spaces and tabs                             no-mixed-spaces-and-tabs
  1286:13  warning  Mixed spaces and tabs                             no-mixed-spaces-and-tabs
  1292:10  warning  'oldX' is assigned a value but never used         no-unused-vars
  1293:10  warning  'oldY' is assigned a value but never used         no-unused-vars
  1294:10  warning  'targetX' is assigned a value but never used      no-unused-vars
  1295:10  warning  'targety' is assigned a value but never used      no-unused-vars
  1335:34  warning  'EventListener' is not defined                    no-undef

/home/runner/work/exp-2-3-tree-iiith/exp-2-3-tree-iiith/experiment/operations/simulation/js/lib/Line.js
    4:5   warning  'LINE_highlightDiff' is assigned a value but never used  no-unused-vars
    7:10  warning  'Line' is defined but never used                         no-unused-vars
   29:1   warning  Mixed spaces and tabs                                    no-mixed-spaces-and-tabs
   33:3   warning  'Dirty' is not defined                                   no-undef
   35:1   warning  Mixed spaces and tabs                                    no-mixed-spaces-and-tabs
   40:2   warning  Mixed spaces and tabs                                    no-mixed-spaces-and-tabs
   43:1   warning  Mixed spaces and tabs                                    no-mixed-spaces-and-tabs
   44:1   warning  Mixed spaces and tabs                                    no-mixed-spaces-and-tabs
   45:2   warning  Mixed spaces and tabs                                    no-mixed-spaces-and-tabs
   46:2   warning  Mixed spaces and tabs                                    no-mixed-spaces-and-tabs
   47:2   warning  Mixed spaces and tabs                                    no-mixed-spaces-and-tabs
   48:2   warning  Mixed spaces and tabs                                    no-mixed-spaces-and-tabs
   48:6   warning  'Dirty' is not defined                                   no-undef
   49:1   warning  Mixed spaces and tabs                                    no-mixed-spaces-and-tabs
   51:1   warning  Mixed spaces and tabs                                    no-mixed-spaces-and-tabs
   52:1   warning  Mixed spaces and tabs                                    no-mixed-spaces-and-tabs
   57:1   warning  Mixed spaces and tabs                                    no-mixed-spaces-and-tabs
   58:1   warning  Mixed spaces and tabs                                    no-mixed-spaces-and-tabs
   63:1   warning  Mixed spaces and tabs                                    no-mixed-spaces-and-tabs
   64:1   warning  Mixed spaces and tabs                                    no-mixed-spaces-and-tabs
   67:1   warning  Mixed spaces and tabs                                    no-mixed-spaces-and-tabs
   68:1   warning  Mixed spaces and tabs                                    no-mixed-spaces-and-tabs
   69:2   warning  Mixed spaces and tabs                                    no-mixed-spaces-and-tabs
   70:1   warning  Mixed spaces and tabs                                    no-mixed-spaces-and-tabs
   71:1   warning  Mixed spaces and tabs                                    no-mixed-spaces-and-tabs
   72:1   warning  Mixed spaces and tabs                                    no-mixed-spaces-and-tabs
   73:2   warning  Mixed spaces and tabs                                    no-mixed-spaces-and-tabs
   74:1   warning  Mixed spaces and tabs                                    no-mixed-spaces-and-tabs
   77:1   warning  Mixed spaces and tabs                                    no-mixed-spaces-and-tabs
   86:7   warning  'fromPos' is already defined                             no-redeclare
   87:7   warning  'toPos' is already defined                               no-redeclare
  147:2   warning  Mixed spaces and tabs                                    no-mixed-spaces-and-tabs
  148:1   warning  Mixed spaces and tabs                                    no-mixed-spaces-and-tabs
  149:1   warning  Mixed spaces and tabs                                    no-mixed-spaces-and-tabs
  150:1   warning  Mixed spaces and tabs                                    no-mixed-spaces-and-tabs
  151:1   warning  Mixed spaces and tabs                                    no-mixed-spaces-and-tabs
  152:1   warning  Mixed spaces and tabs                                    no-mixed-spaces-and-tabs
  153:2   warning  Mixed spaces and tabs                                    no-mixed-spaces-and-tabs
  154:2   warning  Mixed spaces and tabs                                    no-mixed-spaces-and-tabs
  155:3   warning  Mixed spaces and tabs                                    no-mixed-spaces-and-tabs
  156:2   warning  Mixed spaces and tabs                                    no-mixed-spaces-and-tabs
  157:2   warning  Mixed spaces and tabs                                    no-mixed-spaces-and-tabs
  162:1   warning  Mixed spaces and tabs                                    no-mixed-spaces-and-tabs
  163:1   warning  Mixed spaces and tabs                                    no-mixed-spaces-and-tabs
  164:1   warning  Mixed spaces and tabs                                    no-mixed-spaces-and-tabs
  195:51  warning  'animationList' is defined but never used                no-unused-vars

/home/runner/work/exp-2-3-tree-iiith/exp-2-3-tree-iiith/experiment/operations/simulation/js/lib/ObjectManager.js
    1:10  warning  'ObjectManager' is defined but never used       no-unused-vars
   12:26  warning  'AnimatedLabel' is not defined                  no-undef
  100:2   warning  Mixed spaces and tabs                           no-mixed-spaces-and-tabs
  102:21  warning  'HighlightCircle' is not defined                no-undef
  206:2   warning  Mixed spaces and tabs                           no-mixed-spaces-and-tabs
  255:14  warning  'i' is already defined                          no-redeclare
  257:10  warning  'nextEdge' is already defined                   no-redeclare
  261:12  warning  Mixed spaces and tabs                           no-mixed-spaces-and-tabs
  482:7   warning  'OldObject' is assigned a value but never used  no-unused-vars
  510:22  warning  'AnimatedCircle' is not defined                 no-undef
  530:4   warning  'w' is not defined                              no-undef
  536:1   warning  Mixed spaces and tabs                           no-mixed-spaces-and-tabs
  554:4   warning  Unreachable code                                no-unreachable
  588:15  warning  'Line' is not defined                           no-undef
  687:1   warning  Mixed spaces and tabs                           no-mixed-spaces-and-tabs
  697:1   warning  Mixed spaces and tabs                           no-mixed-spaces-and-tabs
  740:22  warning  'AnimatedLabel' is not defined                  no-undef
  750:4   warning  Unreachable code                                no-unreachable
  752:22  warning  'AnimatedLinkedList' is not defined             no-undef
  756:1   warning  Mixed spaces and tabs                           no-mixed-spaces-and-tabs
  761:1   warning  Mixed spaces and tabs                           no-mixed-spaces-and-tabs
  768:1   warning  Mixed spaces and tabs                           no-mixed-spaces-and-tabs
  769:2   warning  Mixed spaces and tabs                           no-mixed-spaces-and-tabs
  770:2   warning  Mixed spaces and tabs                           no-mixed-spaces-and-tabs
  771:2   warning  Mixed spaces and tabs                           no-mixed-spaces-and-tabs
  772:2   warning  Mixed spaces and tabs                           no-mixed-spaces-and-tabs
  772:40  warning  'Nodes' is not defined                          no-undef
  773:2   warning  Mixed spaces and tabs                           no-mixed-spaces-and-tabs
  774:3   warning  Mixed spaces and tabs                           no-mixed-spaces-and-tabs
  775:2   warning  Mixed spaces and tabs                           no-mixed-spaces-and-tabs
  777:2   warning  Mixed spaces and tabs                           no-mixed-spaces-and-tabs
  777:22  warning  'AnimatedBTreeNode' is not defined              no-undef
  778:2   warning  Mixed spaces and tabs                           no-mixed-spaces-and-tabs
  779:1   warning  Mixed spaces and tabs                           no-mixed-spaces-and-tabs
  781:1   warning  Mixed spaces and tabs                           no-mixed-spaces-and-tabs
  782:1   warning  Mixed spaces and tabs                           no-mixed-spaces-and-tabs
  783:2   warning  Mixed spaces and tabs                           no-mixed-spaces-and-tabs
  784:2   warning  Mixed spaces and tabs                           no-mixed-spaces-and-tabs
  785:3   warning  Mixed spaces and tabs                           no-mixed-spaces-and-tabs
  786:2   warning  Mixed spaces and tabs                           no-mixed-spaces-and-tabs
  787:2   warning  Mixed spaces and tabs                           no-mixed-spaces-and-tabs
  787:22  warning  'AnimatedRectangle' is not defined              no-undef
  788:2   warning  Mixed spaces and tabs                           no-mixed-spaces-and-tabs
  789:2   warning  Mixed spaces and tabs                           no-mixed-spaces-and-tabs
  790:1   warning  Mixed spaces and tabs                           no-mixed-spaces-and-tabs
  791:1   warning  Mixed spaces and tabs                           no-mixed-spaces-and-tabs
  792:1   warning  Mixed spaces and tabs                           no-mixed-spaces-and-tabs

/home/runner/work/exp-2-3-tree-iiith/exp-2-3-tree-iiith/experiment/operations/simulation/js/lib/UndoFunctions.js
   6:49  warning  'animationList' is defined but never used  no-unused-vars
  11:48  warning  'world' is defined but never used          no-unused-vars
  33:21  warning  'SingleAnimation' is not defined           no-undef

/home/runner/work/exp-2-3-tree-iiith/exp-2-3-tree-iiith/experiment/operations/simulation/js/realization.js
   1:5  warning  'realizationCatalog' is assigned a value but never used  no-unused-vars
  80:1  warning  Mixed spaces and tabs                                    no-mixed-spaces-and-tabs
  81:1  warning  Mixed spaces and tabs                                    no-mixed-spaces-and-tabs
  84:1  warning  Mixed spaces and tabs                                    no-mixed-spaces-and-tabs
  85:1  warning  Mixed spaces and tabs                                    no-mixed-spaces-and-tabs
  88:1  warning  Mixed spaces and tabs                                    no-mixed-spaces-and-tabs
  89:1  warning  Mixed spaces and tabs                                    no-mixed-spaces-and-tabs

/home/runner/work/exp-2-3-tree-iiith/exp-2-3-tree-iiith/experiment/posttest.js
  18:6   warning  'letter' is not defined  no-undef
  22:63  warning  'letter' is not defined  no-undef
  23:3   warning  'letter' is not defined  no-undef
  24:27  warning  'letter' is not defined  no-undef

 763 problems (0 errors, 763 warnings)
  0 errors and 7 warnings potentially fixable with the `--fix` option.

