feedback.html     http://outreach.vlabs.ac.in/
further-reading-and-references.html     http://outreach.vlabs.ac.in/
index.html     http://outreach.vlabs.ac.in/
overview.html     http://outreach.vlabs.ac.in/
performance-report.html     http://vlab.co.in
posttest.html     http://outreach.vlabs.ac.in/
pretest.html     http://outreach.vlabs.ac.in/
validator-report.html     http://vlab.co.in
2-3-tree-basics/2-3-quiz.html     http://outreach.vlabs.ac.in/
2-3-tree-basics/basic-of-2-3-tee.html     http://outreach.vlabs.ac.in/
2-3-tree-basics/index.html     http://outreach.vlabs.ac.in/
operations/deletion.html     http://outreach.vlabs.ac.in/
operations/index.html     http://outreach.vlabs.ac.in/
operations/insertion.html     http://outreach.vlabs.ac.in/
operations/search.html     http://outreach.vlabs.ac.in/
operations/simulation/docs/index.html     http://10.4.12.203/dfs/exp.html%20
operations/simulation/docs/index.html     http://validator.w3.org/check?uri=referer
operations/simulation/docs/sitemap.html     http://validator.w3.org/check?uri=referer
operations/simulation/docs/org-templates/level-0.html     http://validator.w3.org/check?uri=referer
operations/simulation/docs/org-templates/level-1.html     http://validator.w3.org/check?uri=referer
operations/simulation/docs/org-templates/level-2.html     http://validator.w3.org/check?uri=referer
operations/simulation/docs/org-templates/level-3.html     http://validator.w3.org/check?uri=referer
operations/simulation/docs/org-templates/level-4.html     http://validator.w3.org/check?uri=referer
operations/simulation/docs/org-templates/level-5.html     http://validator.w3.org/check?uri=referer
operations/simulation/docs/org-templates/tex-macros.html     http://validator.w3.org/check?uri=referer
operations/simulation/docs/runtime/css/jquery-ui-1.8.11.custom.html     http://jqueryui.com/about
operations/simulation/docs/runtime/css/jquery-ui-1.8.11.custom.html     http://docs.jquery.com/UI/Theming/API
operations/simulation/docs/runtime/css/jquery-ui-1.8.11.custom.html     http://jquery.org/license
operations/simulation/docs/runtime/css/jquery-ui-1.8.11.custom.html     http://jqueryui.com/about
operations/simulation/docs/runtime/css/jquery-ui-1.8.11.custom.html     http://jquery.org/license
operations/simulation/docs/runtime/css/jquery-ui-1.8.11.custom.html     http://docs.jquery.com/UI/Theming/API
operations/simulation/docs/runtime/css/jquery-ui-1.8.11.custom.html     http://jqueryui.com/themeroller/?ffDefault=Trebuchet%20MS,%20Tahoma,%20Verdana,%20Arial,%20sans-serif&fwDefault=bold&fsDefault=1.1em&cornerRadius=4px&bgColorHeader=f6a828&bgTextureHeader=12_gloss_wave.png&bgImgOpacityHeader=35&borderColorHeader=e78f08&fcHeader=ffffff&iconColorHeader=ffffff&bgColorContent=eeeeee&bgTextureContent=03_highlight_soft.png&bgImgOpacityContent=100&borderColorContent=dddddd&fcContent=333333&iconColorContent=222222&bgColorDefault=f6f6f6&bgTextureDefault=02_glass.png&bgImgOpacityDefault=100&borderColorDefault=cccccc&fcDefault=1c94c4&iconColorDefault=ef8c08&bgColorHover=fdf5ce&bgTextureHover=02_glass.png&bgImgOpacityHover=100&borderColorHover=fbcb09&fcHover=c77405&iconColorHover=ef8c08&bgColorActive=ffffff&bgTextureActive=02_glass.png&bgImgOpacityActive=65&borderColorActive=fbd850&fcActive=eb8f00&iconColorActive=ef8c08&bgColorHighlight=ffe45c&bgTextureHighlight=03_highlight_soft.png&bgImgOpacityHighlight=75&borderColorHighlight=fed22f&fcHighlight=363636&iconColorHighlight=228ef1&bgColorError=b81900&bgTextureError=08_diagonals_thick.png&bgImgOpacityError=18&borderColorError=cd0a0a&fcError=ffffff&iconColorError=ffd27a&bgColorOverlay=666666&bgTextureOverlay=08_diagonals_thick.png&bgImgOpacityOverlay=20&opacityOverlay=50&bgColorShadow=000000&bgTextureShadow=01_flat.png&bgImgOpacityShadow=10&opacityShadow=20&thicknessShadow=5px&offsetTopShadow=-5px&offsetLeftShadow=-5px&cornerRadiusShadow=5px
operations/simulation/docs/runtime/css/jquery-ui-1.8.11.custom.html     http://jqueryui.com/about
operations/simulation/docs/runtime/css/jquery-ui-1.8.11.custom.html     http://jquery.org/license
operations/simulation/docs/runtime/css/jquery-ui-1.8.11.custom.html     http://docs.jquery.com/UI/Slider#theming
operations/simulation/docs/runtime/css/jquery-ui-1.8.11.custom.html     http://validator.w3.org/check?uri=referer
operations/simulation/docs/runtime/css/style.html     http://validator.w3.org/check?uri=referer
operations/simulation/docs/runtime/html/TwoThreeTreeDemo.html     http://validator.w3.org/check?uri=referer
operations/simulation/docs/runtime/html/TwoThreeTreeExercise.html     http://validator.w3.org/check?uri=referer
operations/simulation/docs/runtime/html/TwoThreeTreePractice.html     http://validator.w3.org/check?uri=referer
operations/simulation/docs/runtime/js/TwoThreeTree.html     http://validator.w3.org/check?uri=referer
operations/simulation/docs/runtime/js/TwoThreeTreeExercise.html     http://validator.w3.org/check?uri=referer
operations/simulation/docs/runtime/js/TwoThreeTreePractice.html     http://validator.w3.org/check?uri=referer
operations/simulation/docs/runtime/js/realization-catalog.html     http://validator.w3.org/check?uri=referer
operations/simulation/docs/runtime/js/lib/Algorithm.html     http://validator.w3.org/check?uri=referer
operations/simulation/docs/runtime/js/lib/AnimatedBTreeNode.html     http://validator.w3.org/check?uri=referer
operations/simulation/docs/runtime/js/lib/AnimatedLabel.html     http://validator.w3.org/check?uri=referer
operations/simulation/docs/runtime/js/lib/AnimatedObject.html     http://validator.w3.org/check?uri=referer
operations/simulation/docs/runtime/js/lib/AnimationMain.html     http://validator.w3.org/check?uri=referer
operations/simulation/docs/runtime/js/lib/CustomEvents.html     http://validator.w3.org/check?uri=referer
operations/simulation/docs/runtime/js/lib/Line.html     http://validator.w3.org/check?uri=referer
operations/simulation/docs/runtime/js/lib/ObjectManager.html     http://validator.w3.org/check?uri=referer
operations/simulation/docs/runtime/js/lib/UndoFunctions.html     http://validator.w3.org/check?uri=referer
